2023.12.09 09:17:35 INFO  Started: Metals version 1.1.0 in folders '/home/esben/programmierung/rust/rusty-bush' for client Visual Studio Code 1.85.0.
2023.12.09 09:17:36 WARN  Build server is not auto-connectable.
2023.12.09 11:08:46 INFO  Shutting down server
2023.12.09 11:08:46 INFO  shutting down Metals
2023.12.09 11:08:46 INFO  Exiting server
2023.12.09 19:49:38 INFO  Started: Metals version 1.1.0 in folders '/home/esben/programmierung/rust/rusty-bush' for client Visual Studio Code 1.85.0.
2023.12.09 19:49:39 WARN  Build server is not auto-connectable.
Dec 09, 2023 10:29:45 PM org.eclipse.lsp4j.jsonrpc.services.GenericEndpoint notify
INFO: Unsupported notification method: $/setTrace
Dec 09, 2023 10:29:46 PM org.eclipse.lsp4j.jsonrpc.services.GenericEndpoint notify
INFO: Unsupported notification method: $/setTrace
Dec 09, 2023 10:29:48 PM org.eclipse.lsp4j.jsonrpc.services.GenericEndpoint notify
INFO: Unsupported notification method: $/setTrace
Dec 09, 2023 10:29:49 PM org.eclipse.lsp4j.jsonrpc.services.GenericEndpoint notify
INFO: Unsupported notification method: $/setTrace
Dec 09, 2023 10:29:50 PM org.eclipse.lsp4j.jsonrpc.services.GenericEndpoint notify
INFO: Unsupported notification method: $/setTrace
Dec 09, 2023 10:29:51 PM org.eclipse.lsp4j.jsonrpc.services.GenericEndpoint notify
INFO: Unsupported notification method: $/setTrace
Dec 09, 2023 10:29:51 PM org.eclipse.lsp4j.jsonrpc.services.GenericEndpoint notify
INFO: Unsupported notification method: $/setTrace
Dec 09, 2023 10:29:52 PM org.eclipse.lsp4j.jsonrpc.services.GenericEndpoint notify
INFO: Unsupported notification method: $/setTrace
Dec 09, 2023 10:29:52 PM org.eclipse.lsp4j.jsonrpc.services.GenericEndpoint notify
INFO: Unsupported notification method: $/setTrace
Dec 09, 2023 10:30:04 PM org.eclipse.lsp4j.jsonrpc.services.GenericEndpoint notify
INFO: Unsupported notification method: $/setTrace
Dec 09, 2023 10:30:09 PM org.eclipse.lsp4j.jsonrpc.services.GenericEndpoint notify
INFO: Unsupported notification method: $/setTrace
Dec 09, 2023 10:38:59 PM org.eclipse.lsp4j.jsonrpc.services.GenericEndpoint notify
INFO: Unsupported notification method: $/setTrace
Dec 09, 2023 10:39:00 PM org.eclipse.lsp4j.jsonrpc.services.GenericEndpoint notify
INFO: Unsupported notification method: $/setTrace
Dec 09, 2023 10:39:00 PM org.eclipse.lsp4j.jsonrpc.services.GenericEndpoint notify
INFO: Unsupported notification method: $/setTrace
Dec 09, 2023 10:39:01 PM org.eclipse.lsp4j.jsonrpc.services.GenericEndpoint notify
INFO: Unsupported notification method: $/setTrace
Dec 09, 2023 10:39:01 PM org.eclipse.lsp4j.jsonrpc.services.GenericEndpoint notify
INFO: Unsupported notification method: $/setTrace
Dec 09, 2023 10:39:01 PM org.eclipse.lsp4j.jsonrpc.services.GenericEndpoint notify
INFO: Unsupported notification method: $/setTrace
Dec 09, 2023 10:39:06 PM org.eclipse.lsp4j.jsonrpc.services.GenericEndpoint notify
INFO: Unsupported notification method: $/setTrace
2023.12.10 10:47:33 INFO  Started: Metals version 1.1.0 in folders '/home/esben/programmierung/rust/rusty-bush' for client Visual Studio Code 1.85.0.
2023.12.10 10:47:33 WARN  Build server is not auto-connectable.
2023.12.10 10:47:37 INFO  Shutting down server
2023.12.10 10:47:37 INFO  shutting down Metals
2023.12.10 10:47:37 INFO  Exiting server
2023.12.10 19:36:00 INFO  Started: Metals version 1.1.0 in folders '/home/esben/programmierung/rust/rusty-bush' for client Visual Studio Code 1.85.0.
2023.12.10 19:36:00 WARN  Build server is not auto-connectable.
2023.12.11 08:46:55 INFO  Started: Metals version 1.1.0 in folders '/home/esben/programmierung/rust/rusty-bush' for client Visual Studio Code 1.85.0.
2023.12.11 08:46:55 WARN  Build server is not auto-connectable.
2023.12.11 08:57:52 INFO  Shutting down server
2023.12.11 08:57:52 INFO  shutting down Metals
2023.12.11 08:57:52 INFO  Exiting server
2023.12.12 22:25:49 INFO  Started: Metals version 1.2.0 in folders '/home/esben/programmierung/rust/rusty-bush' for client Visual Studio Code 1.85.0.
2023.12.12 22:25:49 WARN  Build server is not auto-connectable.
Dec 12, 2023 10:30:07 PM org.eclipse.lsp4j.jsonrpc.services.GenericEndpoint notify
INFO: Unsupported notification method: $/setTrace
2023.12.13 07:14:23 INFO  Started: Metals version 1.2.0 in folders '/home/esben/programmierung/rust/rusty-bush' for client Visual Studio Code 1.85.0.
2023.12.13 07:14:24 WARN  Build server is not auto-connectable.
2023.12.13 17:55:19 INFO  Shutting down server
2023.12.13 17:55:19 INFO  shutting down Metals
2023.12.13 17:55:19 INFO  Exiting server
2023.12.13 20:35:58 INFO  Started: Metals version 1.2.0 in folders '/home/esben/programmierung/rust/rusty-bush' for client Visual Studio Code 1.85.0.
2023.12.13 20:35:59 WARN  Build server is not auto-connectable.
Dec 13, 2023 8:47:29 PM org.eclipse.lsp4j.jsonrpc.services.GenericEndpoint notify
INFO: Unsupported notification method: $/setTrace
Dec 13, 2023 9:46:23 PM org.eclipse.lsp4j.jsonrpc.services.GenericEndpoint notify
INFO: Unsupported notification method: $/setTrace
